<?xml version="1.0" encoding="UTF-8"?>
<!-- Generated by org.testng.reporters.JUnitReportReporter -->
<testsuite hostname="DESKTOP-BKCTK5H" failures="0" tests="1" name="test.java.SimulateCreditTest" time="16.311" errors="0" timestamp="2022-12-16T12:29:56 COT" skipped="0">
  <testcase classname="test.java.SimulateCreditTest" name="firstTest" time="16.311"/>
  <system-out/>
</testsuite> <!-- test.java.SimulateCreditTest -->
