<?xml version="1.0" encoding="UTF-8"?>
<!-- Generated by org.testng.reporters.JUnitReportReporter -->
<testsuite hostname="DESKTOP-BKCTK5H" failures="0" tests="1" name="test.java.SimulateCreditTest" time="23.573" errors="0" timestamp="15 Dec 2022 02:37:47 GMT" skipped="0">
  <testcase classname="test.java.SimulateCreditTest" name="firstTestCase" time="23.573"/>
</testsuite> <!-- test.java.SimulateCreditTest -->
